<?xml version="1.0" encoding="UTF-8"?>
<robot generator="Robot 4.1 (Python 3.9.6 on win32)" generated="20210906 13:18:09.205" rpa="false" schemaversion="2">
<suite id="s1" name="TestAppEngieSolutions" source="C:\robotframework\automation\automation.EngieSolutions\tests\TestAppEngieSolutions.robot">
<test id="s1-t1" name="Cenário de Teste 01: Efetuar Login No Sistema">
<kw name="Start Session" library="Base" type="SETUP">
<kw name="Set Selenium Implicit Wait" library="SeleniumLibrary">
<arg>${TIMEOUT}</arg>
<doc>Sets the implicit wait value used by Selenium.</doc>
<status status="PASS" starttime="20210906 13:18:09.496" endtime="20210906 13:18:09.496"/>
</kw>
<kw name="Open Browser" library="SeleniumLibrary">
<arg>about:blank</arg>
<arg>${BROWSER}</arg>
<arg>options=add_experimental_option('excludeSwitches', ['enable-logging'])</arg>
<doc>Opens a new browser instance to the optional ``url``.</doc>
<msg timestamp="20210906 13:18:09.497" level="INFO">Opening browser 'chrome' to base url 'about:blank'.</msg>
<status status="PASS" starttime="20210906 13:18:09.497" endtime="20210906 13:18:11.126"/>
</kw>
<kw name="Maximize Browser Window" library="SeleniumLibrary">
<doc>Maximizes current browser window.</doc>
<status status="PASS" starttime="20210906 13:18:11.126" endtime="20210906 13:18:11.248"/>
</kw>
<status status="PASS" starttime="20210906 13:18:09.496" endtime="20210906 13:18:11.248"/>
</kw>
<kw name="Dado que acesso a &quot;${URL}&quot;" library="LoginPage" sourcename="Dado que acesso a &quot;${URL}&quot;">
<kw name="Go To" library="SeleniumLibrary">
<arg>${URL}</arg>
<doc>Navigates the current browser window to the provided ``url``.</doc>
<msg timestamp="20210906 13:18:11.249" level="INFO">Opening url 'https://smart.sig-energy.com/'</msg>
<status status="PASS" starttime="20210906 13:18:11.249" endtime="20210906 13:18:13.533"/>
</kw>
<kw name="Title Should Be" library="SeleniumLibrary">
<arg>${TITLE_HOME}</arg>
<doc>Verifies that the current page title equals ``title``.</doc>
<msg timestamp="20210906 13:18:13.537" level="INFO">Page title is 'Logar no Sistema - Smart'.</msg>
<status status="PASS" starttime="20210906 13:18:13.533" endtime="20210906 13:18:13.537"/>
</kw>
<status status="PASS" starttime="20210906 13:18:11.249" endtime="20210906 13:18:13.537"/>
</kw>
<kw name="Quando faço login com &quot;${USERNAME}&quot; e &quot;${PASSWORD}&quot;" library="LoginPage" sourcename="Quando faço login com &quot;${USERNAME}&quot; e &quot;${PASSWORD}&quot;">
<kw name="Input Text" library="SeleniumLibrary">
<arg>${CAMPO_USERNAME}</arg>
<arg>${USERNAME}</arg>
<doc>Types the given ``text`` into the text field identified by ``locator``.</doc>
<msg timestamp="20210906 13:18:13.538" level="INFO">Typing text 'abraao.vilela@ntconsult.com.br' into text field 'id=Usuario'.</msg>
<status status="PASS" starttime="20210906 13:18:13.538" endtime="20210906 13:18:13.703"/>
</kw>
<kw name="Input Text" library="SeleniumLibrary">
<arg>${CAMPO_PASSWORD}</arg>
<arg>${PASSWORD}</arg>
<doc>Types the given ``text`` into the text field identified by ``locator``.</doc>
<msg timestamp="20210906 13:18:13.704" level="INFO">Typing text 'M@i3125!' into text field 'id=Senha'.</msg>
<status status="PASS" starttime="20210906 13:18:13.703" endtime="20210906 13:18:13.758"/>
</kw>
<status status="PASS" starttime="20210906 13:18:13.538" endtime="20210906 13:18:13.758"/>
</kw>
<kw name="E clico no &quot;${BUTTON_ENTRAR}&quot;" library="LoginPage" sourcename="E clico no &quot;${BUTTON_ENTRAR}&quot;">
<kw name="Click Element" library="SeleniumLibrary">
<arg>${BUTTON_ENTRAR}</arg>
<doc>Click the element identified by ``locator``.</doc>
<msg timestamp="20210906 13:18:13.759" level="INFO">Clicking element 'xpath=//button[@type='submit']'.</msg>
<status status="PASS" starttime="20210906 13:18:13.759" endtime="20210906 13:18:17.601"/>
</kw>
<kw name="Sleep" library="BuiltIn">
<arg>5</arg>
<doc>Pauses the test executed for the given time.</doc>
<msg timestamp="20210906 13:18:22.613" level="INFO">Slept 5 seconds</msg>
<status status="PASS" starttime="20210906 13:18:17.601" endtime="20210906 13:18:22.613"/>
</kw>
<status status="PASS" starttime="20210906 13:18:13.759" endtime="20210906 13:18:22.613"/>
</kw>
<kw name="Então sou redirecionado para página home" library="LoginPage">
<kw name="Wait Until Element Is Visible" library="SeleniumLibrary">
<arg>${WELCOME_MSG}</arg>
<arg>20</arg>
<doc>Waits until the element ``locator`` is visible.</doc>
<status status="PASS" starttime="20210906 13:18:22.614" endtime="20210906 13:18:22.631"/>
</kw>
<kw name="Title Should Be" library="SeleniumLibrary">
<arg>${TITLE_PAGEHOME}</arg>
<doc>Verifies that the current page title equals ``title``.</doc>
<msg timestamp="20210906 13:18:22.635" level="INFO">Page title is 'Sistemas Smart'.</msg>
<status status="PASS" starttime="20210906 13:18:22.631" endtime="20210906 13:18:22.635"/>
</kw>
<status status="PASS" starttime="20210906 13:18:22.614" endtime="20210906 13:18:22.636"/>
</kw>
<kw name="End Session" library="Base" type="TEARDOWN">
<kw name="Capture Page Screenshot" library="SeleniumLibrary">
<doc>Takes a screenshot of the current page and embeds it into a log file.</doc>
<msg timestamp="20210906 13:18:22.772" level="INFO" html="true">&lt;/td&gt;&lt;/tr&gt;&lt;tr&gt;&lt;td colspan="3"&gt;&lt;a href="selenium-screenshot-21.png"&gt;&lt;img src="selenium-screenshot-21.png" width="800px"&gt;&lt;/a&gt;</msg>
<status status="PASS" starttime="20210906 13:18:22.637" endtime="20210906 13:18:22.772"/>
</kw>
<kw name="Close Browser" library="SeleniumLibrary">
<doc>Closes the current browser.</doc>
<status status="PASS" starttime="20210906 13:18:22.773" endtime="20210906 13:18:24.922"/>
</kw>
<status status="PASS" starttime="20210906 13:18:22.636" endtime="20210906 13:18:24.922"/>
</kw>
<tag>01</tag>
<status status="PASS" starttime="20210906 13:18:09.495" endtime="20210906 13:18:24.922"/>
</test>
<test id="s1-t2" name="Cenário de Teste 02: Fazer Login Com Usuário Inválido E Validar Mensagem De Erro">
<kw name="Start Session" library="Base" type="SETUP">
<kw name="Set Selenium Implicit Wait" library="SeleniumLibrary">
<arg>${TIMEOUT}</arg>
<doc>Sets the implicit wait value used by Selenium.</doc>
<status status="PASS" starttime="20210906 13:18:24.924" endtime="20210906 13:18:24.924"/>
</kw>
<kw name="Open Browser" library="SeleniumLibrary">
<arg>about:blank</arg>
<arg>${BROWSER}</arg>
<arg>options=add_experimental_option('excludeSwitches', ['enable-logging'])</arg>
<doc>Opens a new browser instance to the optional ``url``.</doc>
<msg timestamp="20210906 13:18:24.924" level="INFO">Opening browser 'chrome' to base url 'about:blank'.</msg>
<status status="PASS" starttime="20210906 13:18:24.924" endtime="20210906 13:18:25.975"/>
</kw>
<kw name="Maximize Browser Window" library="SeleniumLibrary">
<doc>Maximizes current browser window.</doc>
<status status="PASS" starttime="20210906 13:18:25.975" endtime="20210906 13:18:26.094"/>
</kw>
<status status="PASS" starttime="20210906 13:18:24.923" endtime="20210906 13:18:26.094"/>
</kw>
<kw name="Dado que acesso a &quot;${URL}&quot;" library="LoginPage" sourcename="Dado que acesso a &quot;${URL}&quot;">
<kw name="Go To" library="SeleniumLibrary">
<arg>${URL}</arg>
<doc>Navigates the current browser window to the provided ``url``.</doc>
<msg timestamp="20210906 13:18:26.096" level="INFO">Opening url 'https://smart.sig-energy.com/'</msg>
<status status="PASS" starttime="20210906 13:18:26.096" endtime="20210906 13:18:28.150"/>
</kw>
<kw name="Title Should Be" library="SeleniumLibrary">
<arg>${TITLE_HOME}</arg>
<doc>Verifies that the current page title equals ``title``.</doc>
<msg timestamp="20210906 13:18:28.156" level="INFO">Page title is 'Logar no Sistema - Smart'.</msg>
<status status="PASS" starttime="20210906 13:18:28.151" endtime="20210906 13:18:28.157"/>
</kw>
<status status="PASS" starttime="20210906 13:18:26.095" endtime="20210906 13:18:28.157"/>
</kw>
<kw name="Quando faço login com &quot;${USER_INVALIDO}&quot; e &quot;${PASS_INVALIDO}&quot; invalido" library="LoginPage" sourcename="Quando faço login com &quot;${USER_INVALIDO}&quot; e &quot;${PASS_INVALIDO}&quot; invalido">
<kw name="Input Text" library="SeleniumLibrary">
<arg>${CAMPO_USERNAME}</arg>
<arg>${USER_INVALIDO}</arg>
<doc>Types the given ``text`` into the text field identified by ``locator``.</doc>
<msg timestamp="20210906 13:18:28.158" level="INFO">Typing text 'TesteLoginInvalido' into text field 'id=Usuario'.</msg>
<status status="PASS" starttime="20210906 13:18:28.158" endtime="20210906 13:18:28.311"/>
</kw>
<kw name="Input Text" library="SeleniumLibrary">
<arg>${CAMPO_PASSWORD}</arg>
<arg>${PASS_INVALIDO}</arg>
<doc>Types the given ``text`` into the text field identified by ``locator``.</doc>
<msg timestamp="20210906 13:18:28.311" level="INFO">Typing text '123456789' into text field 'id=Senha'.</msg>
<status status="PASS" starttime="20210906 13:18:28.311" endtime="20210906 13:18:28.370"/>
</kw>
<kw name="Sleep" library="BuiltIn">
<arg>5</arg>
<doc>Pauses the test executed for the given time.</doc>
<msg timestamp="20210906 13:18:33.386" level="INFO">Slept 5 seconds</msg>
<status status="PASS" starttime="20210906 13:18:28.370" endtime="20210906 13:18:33.386"/>
</kw>
<status status="PASS" starttime="20210906 13:18:28.157" endtime="20210906 13:18:33.386"/>
</kw>
<kw name="E clico no &quot;${BUTTON_ENTRAR}&quot;" library="LoginPage" sourcename="E clico no &quot;${BUTTON_ENTRAR}&quot;">
<kw name="Click Element" library="SeleniumLibrary">
<arg>${BUTTON_ENTRAR}</arg>
<doc>Click the element identified by ``locator``.</doc>
<msg timestamp="20210906 13:18:33.387" level="INFO">Clicking element 'xpath=//button[@type='submit']'.</msg>
<status status="PASS" starttime="20210906 13:18:33.387" endtime="20210906 13:18:33.897"/>
</kw>
<kw name="Sleep" library="BuiltIn">
<arg>5</arg>
<doc>Pauses the test executed for the given time.</doc>
<msg timestamp="20210906 13:18:38.912" level="INFO">Slept 5 seconds</msg>
<status status="PASS" starttime="20210906 13:18:33.897" endtime="20210906 13:18:38.912"/>
</kw>
<status status="PASS" starttime="20210906 13:18:33.387" endtime="20210906 13:18:38.912"/>
</kw>
<kw name="Então valido &quot;${MSG_ERRO_LOGIN}&quot;" library="LoginPage" sourcename="Então valido &quot;${MSG_ERRO_LOGIN}&quot;">
<kw name="Get Text" library="SeleniumLibrary">
<var>${MSG_ERRO}</var>
<arg>xpath=//span[text()='Usuário ou senha inválidos.']</arg>
<doc>Returns the text value of the element identified by ``locator``.</doc>
<msg timestamp="20210906 13:18:38.937" level="INFO">${MSG_ERRO} = Usuário ou senha inválidos.</msg>
<status status="PASS" starttime="20210906 13:18:38.913" endtime="20210906 13:18:38.937"/>
</kw>
<kw name="Log To Console" library="BuiltIn">
<arg>${MSG_ERRO}</arg>
<doc>Logs the given message to the console.</doc>
<status status="PASS" starttime="20210906 13:18:38.937" endtime="20210906 13:18:38.937"/>
</kw>
<status status="PASS" starttime="20210906 13:18:38.913" endtime="20210906 13:18:38.937"/>
</kw>
<kw name="End Session" library="Base" type="TEARDOWN">
<kw name="Capture Page Screenshot" library="SeleniumLibrary">
<doc>Takes a screenshot of the current page and embeds it into a log file.</doc>
<msg timestamp="20210906 13:18:39.390" level="INFO" html="true">&lt;/td&gt;&lt;/tr&gt;&lt;tr&gt;&lt;td colspan="3"&gt;&lt;a href="selenium-screenshot-22.png"&gt;&lt;img src="selenium-screenshot-22.png" width="800px"&gt;&lt;/a&gt;</msg>
<status status="PASS" starttime="20210906 13:18:38.938" endtime="20210906 13:18:39.391"/>
</kw>
<kw name="Close Browser" library="SeleniumLibrary">
<doc>Closes the current browser.</doc>
<status status="PASS" starttime="20210906 13:18:39.391" endtime="20210906 13:18:41.573"/>
</kw>
<status status="PASS" starttime="20210906 13:18:38.938" endtime="20210906 13:18:41.573"/>
</kw>
<tag>02</tag>
<status status="PASS" starttime="20210906 13:18:24.923" endtime="20210906 13:18:41.574"/>
</test>
<status status="PASS" starttime="20210906 13:18:09.206" endtime="20210906 13:18:41.576"/>
</suite>
<statistics>
<total>
<stat pass="2" fail="0" skip="0">All Tests</stat>
</total>
<tag>
<stat pass="1" fail="0" skip="0">01</stat>
<stat pass="1" fail="0" skip="0">02</stat>
</tag>
<suite>
<stat pass="2" fail="0" skip="0" id="s1" name="TestAppEngieSolutions">TestAppEngieSolutions</stat>
</suite>
</statistics>
<errors>
</errors>
</robot>
